63.0 APEX_CODE,FINEST;APEX_PROFILING,INFO;CALLOUT,INFO;DATA_ACCESS,INFO;DB,INFO;NBA,INFO;SYSTEM,DEBUG;VALIDATION,INFO;VISUALFORCE,FINER;WAVE,INFO;WORKFLOW,INFO
09:54:08.3 (3150196)|USER_INFO|[EXTERNAL]|0055j000004QGAg|akshaydikare@gmail.com|(GMT+05:30) India Standard Time (Asia/Kolkata)|GMT+05:30
09:54:08.3 (3228375)|EXECUTION_STARTED
09:54:08.3 (3251555)|CODE_UNIT_STARTED|[EXTERNAL]|01pJ4000000h19U|MathUtilityTest.addNumbersTest()
09:54:08.3 (3859506)|HEAP_ALLOCATE|[93]|Bytes:3
09:54:08.3 (3942298)|HEAP_ALLOCATE|[98]|Bytes:152
09:54:08.3 (3960098)|HEAP_ALLOCATE|[415]|Bytes:408
09:54:08.3 (3975989)|HEAP_ALLOCATE|[428]|Bytes:408
09:54:08.3 (3988953)|HEAP_ALLOCATE|[536]|Bytes:48
09:54:08.3 (4015750)|HEAP_ALLOCATE|[247]|Bytes:6
09:54:08.3 (4030351)|HEAP_ALLOCATE|[EXTERNAL]|Bytes:5
09:54:08.3 (4040921)|METHOD_ENTRY|[2]|01pJ4000000h19U|MathUtilityTest.MathUtilityTest()
09:54:08.3 (4181817)|STATEMENT_EXECUTE|[2]
09:54:08.3 (4270613)|STATEMENT_EXECUTE|[2]
09:54:08.3 (4280955)|METHOD_EXIT|[2]|MathUtilityTest
09:54:08.3 (4312038)|HEAP_ALLOCATE|[68]|Bytes:5
09:54:08.3 (4333945)|HEAP_ALLOCATE|[74]|Bytes:5
09:54:08.3 (4341669)|HEAP_ALLOCATE|[82]|Bytes:7
09:54:08.3 (4380722)|STATEMENT_EXECUTE|[4]
09:54:08.3 (4382664)|STATEMENT_EXECUTE|[6]
09:54:08.3 (4491810)|HEAP_ALLOCATE|[6]|Bytes:4
09:54:08.3 (4535499)|HEAP_ALLOCATE|[6]|Bytes:4
09:54:08.3 (4540599)|HEAP_ALLOCATE|[6]|Bytes:4
09:54:08.3 (4546319)|VARIABLE_SCOPE_BEGIN|[6]|newNumList|List<Integer>|true|false
09:54:08.3 (4574858)|HEAP_ALLOCATE|[EXTERNAL]|Bytes:12
09:54:08.3 (4617972)|VARIABLE_ASSIGNMENT|[6]|newNumList|[10,19]|0x5a769152
09:54:08.3 (4625365)|STATEMENT_EXECUTE|[7]
09:54:08.3 (5945520)|HEAP_ALLOCATE|[7]|Bytes:1
09:54:08.3 (5957099)|HEAP_ALLOCATE|[7]|Bytes:1
09:54:08.3 (5982794)|METHOD_ENTRY|[1]|01pJ4000000h19P|MathUtility.MathUtility()
09:54:08.3 (5990840)|STATEMENT_EXECUTE|[1]
09:54:08.3 (5997678)|STATEMENT_EXECUTE|[1]
09:54:08.3 (6002962)|METHOD_EXIT|[1]|MathUtility
09:54:08.3 (6033833)|METHOD_ENTRY|[7]|01pJ4000000h19P|MathUtility.addNumbers(List<Integer>)
09:54:08.3 (6059647)|VARIABLE_SCOPE_BEGIN|[2]|numbers|List<Integer>|true|false
09:54:08.3 (6077311)|VARIABLE_ASSIGNMENT|[2]|numbers|[10,19]|0x5a769152
09:54:08.3 (6090256)|STATEMENT_EXECUTE|[2]
09:54:08.3 (6092237)|STATEMENT_EXECUTE|[3]
09:54:08.3 (6095847)|VARIABLE_SCOPE_BEGIN|[3]|sum|Integer|false|false
09:54:08.3 (6101561)|HEAP_ALLOCATE|[3]|Bytes:4
09:54:08.3 (6107640)|VARIABLE_ASSIGNMENT|[3]|sum|0
09:54:08.3 (6192212)|HEAP_ALLOCATE|[4]|Bytes:5
09:54:08.3 (6205006)|HEAP_ALLOCATE|[4]|Bytes:8
09:54:08.3 (6211312)|VARIABLE_SCOPE_BEGIN|[4]|numValue|Integer|false|false
09:54:08.3 (6219330)|VARIABLE_ASSIGNMENT|[4]|numValue|10
09:54:08.3 (6224350)|STATEMENT_EXECUTE|[4]
09:54:08.3 (6226074)|STATEMENT_EXECUTE|[5]
09:54:08.3 (6229717)|HEAP_ALLOCATE|[5]|Bytes:4
09:54:08.3 (6233664)|VARIABLE_ASSIGNMENT|[5]|sum|10
09:54:08.3 (6242006)|HEAP_ALLOCATE|[4]|Bytes:5
09:54:08.3 (6248474)|HEAP_ALLOCATE|[4]|Bytes:8
09:54:08.3 (6252229)|VARIABLE_SCOPE_BEGIN|[4]|numValue|Integer|false|false
09:54:08.3 (6258875)|VARIABLE_ASSIGNMENT|[4]|numValue|19
09:54:08.3 (6262695)|STATEMENT_EXECUTE|[4]
09:54:08.3 (6264126)|STATEMENT_EXECUTE|[5]
09:54:08.3 (6265777)|HEAP_ALLOCATE|[5]|Bytes:4
09:54:08.3 (6269708)|VARIABLE_ASSIGNMENT|[5]|sum|29
09:54:08.3 (6286173)|HEAP_ALLOCATE|[4]|Bytes:5
09:54:08.3 (6294125)|VARIABLE_ASSIGNMENT|[4]|numValue|null
09:54:08.3 (6299399)|STATEMENT_EXECUTE|[7]
09:54:08.3 (6301904)|HEAP_ALLOCATE|[7]|Bytes:12
09:54:08.3 (6346002)|HEAP_ALLOCATE|[7]|Bytes:2
09:54:08.3 (6359022)|HEAP_ALLOCATE|[7]|Bytes:14
09:54:08.3 (6387262)|USER_DEBUG|[7]|DEBUG|Total Sum : 29
09:54:08.3 (6395585)|STATEMENT_EXECUTE|[8]
09:54:08.3 (6399723)|METHOD_EXIT|[7]|01pJ4000000h19P|MathUtility.addNumbers(List<Integer>)
09:54:08.3 (6405353)|VARIABLE_SCOPE_BEGIN|[7]|result|Integer|false|false
09:54:08.3 (6411134)|HEAP_ALLOCATE|[7]|Bytes:4
09:54:08.3 (6416049)|VARIABLE_ASSIGNMENT|[7]|result|29
09:54:08.3 (6420078)|STATEMENT_EXECUTE|[8]
09:54:08.3 (6423033)|HEAP_ALLOCATE|[8]|Bytes:32
09:54:08.3 (10901090)|HEAP_ALLOCATE|[8]|Bytes:51
09:54:08.3 (10934548)|SYSTEM_METHOD_ENTRY|[4]|Assert.Assert()
09:54:08.3 (10942663)|STATEMENT_EXECUTE|[4]
09:54:08.3 (10950987)|SYSTEM_METHOD_EXIT|[4]|Assert
09:54:08.3 (10995214)|METHOD_ENTRY|[8]||System.Assert.areEqual(Object, Object, String)
09:54:08.3 (13323269)|METHOD_EXIT|[8]||System.Assert.areEqual(Object, Object, String)
09:54:08.13 (13343647)|CUMULATIVE_LIMIT_USAGE
09:54:08.13 (13343647)|LIMIT_USAGE_FOR_NS|(default)|
  Number of SOQL queries: 0 out of 100
  Number of query rows: 0 out of 50000
  Number of SOSL queries: 0 out of 20
  Number of DML statements: 0 out of 150
  Number of Publish Immediate DML: 0 out of 150
  Number of DML rows: 0 out of 10000
  Maximum CPU time: 0 out of 10000
  Maximum heap size: 0 out of 6000000
  Number of callouts: 0 out of 100
  Number of Email Invocations: 0 out of 10
  Number of future calls: 0 out of 50
  Number of queueable jobs added to the queue: 0 out of 50
  Number of Mobile Apex push calls: 0 out of 10

09:54:08.13 (13343647)|CUMULATIVE_LIMIT_USAGE_END

09:54:08.3 (13418974)|CODE_UNIT_FINISHED|MathUtilityTest.addNumbersTest()
09:54:08.3 (13433114)|EXECUTION_FINISHED
