63.0 APEX_CODE,FINEST;APEX_PROFILING,INFO;CALLOUT,INFO;DATA_ACCESS,INFO;DB,INFO;NBA,INFO;SYSTEM,DEBUG;VALIDATION,INFO;VISUALFORCE,FINER;WAVE,INFO;WORKFLOW,INFO
09:40:35.3 (3676161)|USER_INFO|[EXTERNAL]|0055j000004QGAg|akshaydikare@gmail.com|(GMT+05:30) India Standard Time (Asia/Kolkata)|GMT+05:30
09:40:35.3 (3739935)|EXECUTION_STARTED
09:40:35.3 (3765845)|CODE_UNIT_STARTED|[EXTERNAL]|01pJ4000000h19U|MathUtilityTest.addNumbersTest()
09:40:35.3 (4006871)|HEAP_ALLOCATE|[93]|Bytes:3
09:40:35.3 (4122307)|HEAP_ALLOCATE|[98]|Bytes:152
09:40:35.3 (4162861)|HEAP_ALLOCATE|[415]|Bytes:408
09:40:35.3 (4181494)|HEAP_ALLOCATE|[428]|Bytes:408
09:40:35.3 (4195156)|HEAP_ALLOCATE|[536]|Bytes:48
09:40:35.3 (4231585)|HEAP_ALLOCATE|[247]|Bytes:6
09:40:35.3 (4252704)|HEAP_ALLOCATE|[EXTERNAL]|Bytes:5
09:40:35.3 (4267153)|METHOD_ENTRY|[2]|01pJ4000000h19U|MathUtilityTest.MathUtilityTest()
09:40:35.3 (4277999)|STATEMENT_EXECUTE|[2]
09:40:35.3 (4286581)|STATEMENT_EXECUTE|[2]
09:40:35.3 (4292365)|METHOD_EXIT|[2]|MathUtilityTest
09:40:35.3 (4330666)|HEAP_ALLOCATE|[68]|Bytes:5
09:40:35.3 (4365589)|HEAP_ALLOCATE|[74]|Bytes:5
09:40:35.3 (4377599)|HEAP_ALLOCATE|[82]|Bytes:7
09:40:35.3 (4449283)|STATEMENT_EXECUTE|[4]
09:40:35.3 (4451332)|STATEMENT_EXECUTE|[6]
09:40:35.3 (4496407)|HEAP_ALLOCATE|[6]|Bytes:4
09:40:35.3 (4547287)|HEAP_ALLOCATE|[6]|Bytes:4
09:40:35.3 (4552571)|HEAP_ALLOCATE|[6]|Bytes:4
09:40:35.3 (4558011)|VARIABLE_SCOPE_BEGIN|[6]|newNumList|List<Integer>|true|false
09:40:35.3 (4599822)|HEAP_ALLOCATE|[EXTERNAL]|Bytes:12
09:40:35.3 (4643856)|VARIABLE_ASSIGNMENT|[6]|newNumList|[10,19]|0x65e45d8c
09:40:35.3 (4649867)|STATEMENT_EXECUTE|[7]
09:40:35.3 (5706517)|HEAP_ALLOCATE|[7]|Bytes:1
09:40:35.3 (5719471)|HEAP_ALLOCATE|[7]|Bytes:1
09:40:35.3 (5738035)|METHOD_ENTRY|[1]|01pJ4000000h19P|MathUtility.MathUtility()
09:40:35.3 (5743784)|STATEMENT_EXECUTE|[1]
09:40:35.3 (5749110)|STATEMENT_EXECUTE|[1]
09:40:35.3 (5754053)|METHOD_EXIT|[1]|MathUtility
09:40:35.3 (5782322)|METHOD_ENTRY|[7]|01pJ4000000h19P|MathUtility.addNumbers(List<Integer>)
09:40:35.3 (5800731)|VARIABLE_SCOPE_BEGIN|[2]|numbers|List<Integer>|true|false
09:40:35.3 (5818876)|VARIABLE_ASSIGNMENT|[2]|numbers|[10,19]|0x65e45d8c
09:40:35.3 (5831533)|STATEMENT_EXECUTE|[2]
09:40:35.3 (5832872)|STATEMENT_EXECUTE|[3]
09:40:35.3 (5836296)|VARIABLE_SCOPE_BEGIN|[3]|sum|Integer|false|false
09:40:35.3 (5842578)|HEAP_ALLOCATE|[3]|Bytes:4
09:40:35.3 (5848261)|VARIABLE_ASSIGNMENT|[3]|sum|0
09:40:35.3 (5949030)|HEAP_ALLOCATE|[4]|Bytes:5
09:40:35.3 (5963423)|HEAP_ALLOCATE|[4]|Bytes:8
09:40:35.3 (5970460)|VARIABLE_SCOPE_BEGIN|[4]|numValue|Integer|false|false
09:40:35.3 (5978110)|VARIABLE_ASSIGNMENT|[4]|numValue|10
09:40:35.3 (5982198)|STATEMENT_EXECUTE|[4]
09:40:35.3 (5983670)|STATEMENT_EXECUTE|[5]
09:40:35.3 (5987618)|HEAP_ALLOCATE|[5]|Bytes:4
09:40:35.3 (5991402)|VARIABLE_ASSIGNMENT|[5]|sum|10
09:40:35.3 (6000392)|HEAP_ALLOCATE|[4]|Bytes:5
09:40:35.3 (6009439)|HEAP_ALLOCATE|[4]|Bytes:8
09:40:35.3 (6015271)|VARIABLE_SCOPE_BEGIN|[4]|numValue|Integer|false|false
09:40:35.3 (6025511)|VARIABLE_ASSIGNMENT|[4]|numValue|19
09:40:35.3 (6031907)|STATEMENT_EXECUTE|[4]
09:40:35.3 (6033924)|STATEMENT_EXECUTE|[5]
09:40:35.3 (6036825)|HEAP_ALLOCATE|[5]|Bytes:4
09:40:35.3 (6043724)|VARIABLE_ASSIGNMENT|[5]|sum|29
09:40:35.3 (6053862)|HEAP_ALLOCATE|[4]|Bytes:5
09:40:35.3 (6065106)|VARIABLE_ASSIGNMENT|[4]|numValue|null
09:40:35.3 (6072590)|STATEMENT_EXECUTE|[7]
09:40:35.3 (6077133)|HEAP_ALLOCATE|[7]|Bytes:12
09:40:35.3 (6165277)|HEAP_ALLOCATE|[7]|Bytes:2
09:40:35.3 (6182815)|HEAP_ALLOCATE|[7]|Bytes:14
09:40:35.3 (6203572)|USER_DEBUG|[7]|DEBUG|Total Sum : 29
09:40:35.3 (6211401)|STATEMENT_EXECUTE|[8]
09:40:35.3 (6216884)|METHOD_EXIT|[7]|01pJ4000000h19P|MathUtility.addNumbers(List<Integer>)
09:40:35.3 (6223566)|VARIABLE_SCOPE_BEGIN|[7]|result|Integer|false|false
09:40:35.3 (6231897)|HEAP_ALLOCATE|[7]|Bytes:4
09:40:35.3 (6238073)|VARIABLE_ASSIGNMENT|[7]|result|29
09:40:35.3 (6243251)|STATEMENT_EXECUTE|[8]
09:40:35.3 (6246739)|HEAP_ALLOCATE|[8]|Bytes:32
09:40:35.3 (6294498)|HEAP_ALLOCATE|[8]|Bytes:51
09:40:35.3 (6311430)|SYSTEM_METHOD_ENTRY|[4]|Assert.Assert()
09:40:35.3 (6316063)|STATEMENT_EXECUTE|[4]
09:40:35.3 (6323707)|SYSTEM_METHOD_EXIT|[4]|Assert
09:40:35.3 (6359213)|METHOD_ENTRY|[8]||System.Assert.areEqual(Object, Object, String)
09:40:35.3 (7956437)|METHOD_EXIT|[8]||System.Assert.areEqual(Object, Object, String)
09:40:35.7 (7979718)|CUMULATIVE_LIMIT_USAGE
09:40:35.7 (7979718)|LIMIT_USAGE_FOR_NS|(default)|
  Number of SOQL queries: 0 out of 100
  Number of query rows: 0 out of 50000
  Number of SOSL queries: 0 out of 20
  Number of DML statements: 0 out of 150
  Number of Publish Immediate DML: 0 out of 150
  Number of DML rows: 0 out of 10000
  Maximum CPU time: 0 out of 10000
  Maximum heap size: 0 out of 6000000
  Number of callouts: 0 out of 100
  Number of Email Invocations: 0 out of 10
  Number of future calls: 0 out of 50
  Number of queueable jobs added to the queue: 0 out of 50
  Number of Mobile Apex push calls: 0 out of 10

09:40:35.7 (7979718)|CUMULATIVE_LIMIT_USAGE_END

09:40:35.3 (8051373)|CODE_UNIT_FINISHED|MathUtilityTest.addNumbersTest()
09:40:35.3 (8066290)|EXECUTION_FINISHED
