62.0 APEX_CODE,FINEST;APEX_PROFILING,INFO;CALLOUT,INFO;DATA_ACCESS,INFO;DB,INFO;NBA,INFO;SYSTEM,DEBUG;VALIDATION,INFO;VISUALFORCE,FINER;WAVE,INFO;WORKFLOW,INFO
Execute Anonymous: // Use .apex files to store anonymous Apex.
Execute Anonymous: // You can execute anonymous Apex in VS Code by selecting the
Execute Anonymous: //     apex text and running the command:
Execute Anonymous: //     SFDX: Execute Anonymous Apex with Currently Selected Text
Execute Anonymous: // You can also execute the entire file by running the command:
Execute Anonymous: //     SFDX: Execute Anonymous Apex with Editor Contents
Execute Anonymous: 
Execute Anonymous: // Query for 25 accounts: Batch call handler
Execute Anonymous: String q = 'SELECT Industry FROM Account LIMIT 25';
Execute Anonymous: String e = 'Account';
Execute Anonymous: String f = 'Industry';
Execute Anonymous: String v = 'Consulting';
Execute Anonymous: Id batchInstanceId = Database.executeBatch(new UpdateAccountFields(q,e,f,v), 5);
Execute Anonymous: 
Execute Anonymous: //Future Handler call!
Execute Anonymous: //Set<Id> setOptyId = new Set<Id>{'0065j00000N2cAvAAJ', '0065j00000oNweUAAS'};
Execute Anonymous: Set<Id> setOptyId = new Set<Id>();
Execute Anonymous: setOptyId.add('0065j00000N2cAvAAJ');
Execute Anonymous: setOptyId.add('0065j00000oNweUAAS');
Execute Anonymous: future_sendEmailMethod.sendEmailMethod(setOptyId);
Execute Anonymous: 
Execute Anonymous: 
Execute Anonymous: 
06:57:18.62 (62468664)|USER_INFO|[EXTERNAL]|0055j000004QGAg|akshaydikare@gmail.com|(GMT+05:30) India Standard Time (Asia/Kolkata)|GMT+05:30
06:57:18.62 (62495056)|EXECUTION_STARTED
06:57:18.62 (62508754)|CODE_UNIT_STARTED|[EXTERNAL]|execute_anonymous_apex
06:57:18.62 (62656933)|VARIABLE_SCOPE_BEGIN|[13]|batchInstanceId|Id|false|false
06:57:18.62 (62682991)|VARIABLE_SCOPE_BEGIN|[10]|e|String|false|false
06:57:18.62 (62693306)|VARIABLE_SCOPE_BEGIN|[11]|f|String|false|false
06:57:18.62 (62703640)|VARIABLE_SCOPE_BEGIN|[9]|q|String|false|false
06:57:18.62 (62757256)|VARIABLE_SCOPE_BEGIN|[17]|setOptyId|Set<Id>|true|false
06:57:18.62 (62765799)|VARIABLE_SCOPE_BEGIN|[12]|v|String|false|false
06:57:18.62 (62867675)|HEAP_ALLOCATE|[93]|Bytes:3
06:57:18.62 (62910027)|HEAP_ALLOCATE|[98]|Bytes:152
06:57:18.62 (62924035)|HEAP_ALLOCATE|[415]|Bytes:408
06:57:18.62 (62937827)|HEAP_ALLOCATE|[428]|Bytes:408
06:57:18.62 (62948976)|HEAP_ALLOCATE|[536]|Bytes:48
06:57:18.62 (62973266)|HEAP_ALLOCATE|[247]|Bytes:6
06:57:18.62 (62996360)|HEAP_ALLOCATE|[EXTERNAL]|Bytes:25
06:57:18.62 (63101422)|STATEMENT_EXECUTE|[1]
06:57:18.62 (63103748)|STATEMENT_EXECUTE|[9]
06:57:18.62 (63107061)|HEAP_ALLOCATE|[9]|Bytes:37
06:57:18.62 (63143989)|VARIABLE_ASSIGNMENT|[9]|q|"SELECT Industry FROM (17 more) ..."
06:57:18.62 (63148147)|STATEMENT_EXECUTE|[10]
06:57:18.62 (63149655)|HEAP_ALLOCATE|[10]|Bytes:7
06:57:18.62 (63158255)|VARIABLE_ASSIGNMENT|[10]|e|"Account"
06:57:18.62 (63161663)|STATEMENT_EXECUTE|[11]
06:57:18.62 (63163062)|HEAP_ALLOCATE|[11]|Bytes:8
06:57:18.62 (63168746)|VARIABLE_ASSIGNMENT|[11]|f|"Industry"
06:57:18.62 (63171971)|STATEMENT_EXECUTE|[12]
06:57:18.62 (63173548)|HEAP_ALLOCATE|[12]|Bytes:10
06:57:18.62 (63179481)|VARIABLE_ASSIGNMENT|[12]|v|"Consulting"
06:57:18.62 (63182853)|STATEMENT_EXECUTE|[13]
06:57:18.62 (64478390)|HEAP_ALLOCATE|[13]|Bytes:57
06:57:18.62 (64492545)|HEAP_ALLOCATE|[13]|Bytes:10
06:57:18.62 (64496327)|HEAP_ALLOCATE|[13]|Bytes:2
06:57:18.62 (64527616)|METHOD_ENTRY|[1]|01pJ4000000h1s0|UpdateAccountFields.UpdateAccountFields()
06:57:18.62 (64534002)|STATEMENT_EXECUTE|[1]
06:57:18.62 (64538308)|STATEMENT_EXECUTE|[1]
06:57:18.62 (64544166)|METHOD_EXIT|[1]|UpdateAccountFields
06:57:18.62 (64564007)|HEAP_ALLOCATE|[13]|Bytes:20
06:57:18.62 (64602489)|HEAP_ALLOCATE|[68]|Bytes:5
06:57:18.62 (64630572)|HEAP_ALLOCATE|[74]|Bytes:5
06:57:18.62 (64638219)|HEAP_ALLOCATE|[82]|Bytes:7
06:57:18.62 (64669284)|SYSTEM_MODE_ENTER|false
06:57:18.62 (64695138)|HEAP_ALLOCATE|[13]|Bytes:5
06:57:18.62 (64711332)|CONSTRUCTOR_ENTRY|[13]|01pJ4000000h1s0|<init>(String,String,String,String)|UpdateAccountFields
06:57:18.62 (64739692)|VARIABLE_SCOPE_BEGIN|[7]|this|UpdateAccountFields|true|false
06:57:18.62 (64793627)|VARIABLE_ASSIGNMENT|[7]|this|{}|0x47078bef
06:57:18.62 (64799536)|VARIABLE_SCOPE_BEGIN|[7]|q|String|false|false
06:57:18.62 (64809695)|VARIABLE_ASSIGNMENT|[7]|q|"SELECT Industry FROM (17 more) ..."
06:57:18.62 (64814988)|VARIABLE_SCOPE_BEGIN|[7]|e|String|false|false
06:57:18.62 (64821515)|VARIABLE_ASSIGNMENT|[7]|e|"Account"
06:57:18.62 (64824684)|VARIABLE_SCOPE_BEGIN|[7]|f|String|false|false
06:57:18.62 (64832010)|VARIABLE_ASSIGNMENT|[7]|f|"Industry"
06:57:18.62 (64835352)|VARIABLE_SCOPE_BEGIN|[7]|v|String|false|false
06:57:18.62 (64841601)|VARIABLE_ASSIGNMENT|[7]|v|"Consulting"
06:57:18.62 (64847009)|STATEMENT_EXECUTE|[1]
06:57:18.62 (64848560)|STATEMENT_EXECUTE|[2]
06:57:18.62 (64850001)|STATEMENT_EXECUTE|[3]
06:57:18.62 (64851132)|STATEMENT_EXECUTE|[4]
06:57:18.62 (64852229)|STATEMENT_EXECUTE|[5]
06:57:18.62 (64856815)|HEAP_ALLOCATE|[8]|Bytes:6
06:57:18.62 (66587892)|STATEMENT_EXECUTE|[7]
06:57:18.62 (66591638)|STATEMENT_EXECUTE|[8]
06:57:18.62 (66626702)|VARIABLE_ASSIGNMENT|[8]|this.Query|"SELECT Industry FROM (17 more) ..."|0x47078bef
06:57:18.62 (66635745)|STATEMENT_EXECUTE|[8]
06:57:18.62 (66642756)|VARIABLE_ASSIGNMENT|[8]|this.Entity|"Account"|0x47078bef
06:57:18.62 (66656144)|STATEMENT_EXECUTE|[8]
06:57:18.62 (66665416)|VARIABLE_ASSIGNMENT|[8]|this.Field|"Industry"|0x47078bef
06:57:18.62 (66669631)|STATEMENT_EXECUTE|[8]
06:57:18.62 (66675890)|VARIABLE_ASSIGNMENT|[8]|this.Value|"Consulting"|0x47078bef
06:57:18.62 (66691831)|CONSTRUCTOR_EXIT|[13]|01pJ4000000h1s0|<init>(String,String,String,String)|UpdateAccountFields
06:57:18.62 (66704045)|SYSTEM_MODE_EXIT|false
06:57:18.62 (100145665)|HEAP_ALLOCATE|[13]|Bytes:15
06:57:18.62 (100198644)|HEAP_ALLOCATE|[13]|Bytes:4
06:57:18.62 (100330220)|VARIABLE_ASSIGNMENT|[13]|batchInstanceId|"707J400002EzvClIAJ"
06:57:18.62 (100338789)|STATEMENT_EXECUTE|[17]
06:57:18.62 (100357529)|HEAP_ALLOCATE|[17]|Bytes:4
06:57:18.62 (100444076)|VARIABLE_ASSIGNMENT|[17]|setOptyId|[]|0x4d42b6b6
06:57:18.62 (100449749)|STATEMENT_EXECUTE|[18]
06:57:18.62 (100455135)|HEAP_ALLOCATE|[18]|Bytes:18
06:57:18.62 (100513642)|HEAP_ALLOCATE|[EXTERNAL]|Bytes:4
06:57:18.62 (100522383)|STATEMENT_EXECUTE|[19]
06:57:18.62 (100524969)|HEAP_ALLOCATE|[19]|Bytes:18
06:57:18.62 (100538870)|HEAP_ALLOCATE|[EXTERNAL]|Bytes:4
06:57:18.62 (100545356)|STATEMENT_EXECUTE|[20]
06:57:18.62 (100547149)|HEAP_ALLOCATE|[20]|Bytes:22
06:57:18.62 (100550851)|HEAP_ALLOCATE|[20]|Bytes:15
06:57:18.62 (100567039)|HEAP_ALLOCATE|[20]|Bytes:4
06:57:18.62 (100589146)|HEAP_ALLOCATE|[20]|Bytes:4
06:57:18.62 (100596117)|HEAP_ALLOCATE|[20]|Bytes:7
06:57:18.62 (100622149)|HEAP_ALLOCATE|[EXTERNAL]|Bytes:8
06:57:18.62 (100631049)|HEAP_ALLOCATE|[EXTERNAL]|Bytes:8
06:57:18.115 (115961398)|CUMULATIVE_LIMIT_USAGE
06:57:18.115 (115961398)|LIMIT_USAGE_FOR_NS|(default)|
  Number of SOQL queries: 0 out of 100
  Number of query rows: 0 out of 50000
  Number of SOSL queries: 0 out of 20
  Number of DML statements: 0 out of 150
  Number of Publish Immediate DML: 0 out of 150
  Number of DML rows: 0 out of 10000
  Maximum CPU time: 0 out of 10000
  Maximum heap size: 0 out of 6000000
  Number of callouts: 0 out of 100
  Number of Email Invocations: 0 out of 10
  Number of future calls: 1 out of 50
  Number of queueable jobs added to the queue: 0 out of 50
  Number of Mobile Apex push calls: 0 out of 10

06:57:18.115 (115961398)|CUMULATIVE_LIMIT_USAGE_END

06:57:18.62 (116006351)|CODE_UNIT_FINISHED|execute_anonymous_apex
06:57:18.62 (116050172)|EXECUTION_FINISHED
